#
# There is insufficient memory for the Java Runtime Environment to continue.
# Native memory allocation (mmap) failed to map 268435456 bytes for G1 virtual space
# Possible reasons:
#   The system is out of physical RAM or swap space
#   The process is running with CompressedOops enabled, and the Java Heap may be blocking the growth of the native heap
# Possible solutions:
#   Reduce memory load on the system
#   Increase physical memory or swap space
#   Check if swap backing store is full
#   Decrease Java heap size (-Xmx/-Xms)
#   Decrease number of Java threads
#   Decrease Java thread stack sizes (-Xss)
#   Set larger code cache with -XX:ReservedCodeCacheSize=
#   JVM is running with Zero Based Compressed Oops mode in which the Java heap is
#     placed in the first 32GB address space. The Java Heap base address is the
#     maximum limit for the native heap growth. Please use -XX:HeapBaseMinAddress
#     to set the Java Heap base and to place the Java Heap above 32GB virtual address.
# This output file may be truncated or incomplete.
#
#  Out of Memory Error (./open/src/hotspot/os/windows/os_windows.cpp:3472), pid=14088, tid=11724
#
# JRE version:  (15.0.1+9) (build )
# Java VM: OpenJDK 64-Bit Server VM (15.0.1+9-18, mixed mode, sharing, tiered, compressed oops, g1 gc, windows-amd64)
# No core dump will be written. Minidumps are not enabled by default on client versions of Windows
#

---------------  S U M M A R Y ------------

Command Line: -XX:TieredStopAtLevel=1 -Dfile.encoding=windows-1252 -Duser.country=PE -Duser.language=es -Duser.variant com.bootcamp.proyecto.simulador.SimuladorApplication

Host: AMD FX(tm)-8350 Eight-Core Processor           , 8 cores, 15G,  Windows 10 , 64 bit Build 19041 (10.0.19041.662)
Time: Sat Dec 12 00:10:48 2020 Hora est. Pacífico, Sudamérica elapsed time: 0.014386 seconds (0d 0h 0m 0s)

---------------  T H R E A D  ---------------

Current thread (0x00000276091c4e20):  JavaThread "Unknown thread" [_thread_in_vm, id=11724, stack(0x0000008c50800000,0x0000008c50900000)]

Stack: [0x0000008c50800000,0x0000008c50900000]
Native frames: (J=compiled Java code, j=interpreted, Vv=VM code, C=native code)
V  [jvm.dll+0x62ae9a]
V  [jvm.dll+0x781389]
V  [jvm.dll+0x782ae3]
V  [jvm.dll+0x783143]
V  [jvm.dll+0x216265]
V  [jvm.dll+0x6281d9]
V  [jvm.dll+0x61cd15]
V  [jvm.dll+0x2d01fd]
V  [jvm.dll+0x2d0062]
V  [jvm.dll+0x2d603c]
V  [jvm.dll+0x325b2a]
V  [jvm.dll+0x3251f4]
V  [jvm.dll+0x2a717a]
V  [jvm.dll+0x2a8318]
V  [jvm.dll+0x75e101]
V  [jvm.dll+0x3343e4]
V  [jvm.dll+0x73e826]
V  [jvm.dll+0x3b7777]
V  [jvm.dll+0x3b9201]
C  [jli.dll+0x52fb]
C  [ucrtbase.dll+0x214c2]
C  [KERNEL32.DLL+0x17034]
C  [ntdll.dll+0x4d0d1]


---------------  P R O C E S S  ---------------

Threads class SMR info:
_java_thread_list=0x00007ffa91214ff0, length=0, elements={
}

Java Threads: ( => current thread )

Other Threads:
  0x0000027609211030 GCTaskThread "GC Thread#0" [stack: 0x0000008c50900000,0x0000008c50a00000] [id=13636]
  0x0000027609222010 ConcurrentGCThread "G1 Main Marker" [stack: 0x0000008c50a00000,0x0000008c50b00000] [id=9080]
  0x0000027609222b10 ConcurrentGCThread "G1 Conc#0" [stack: 0x0000008c50b00000,0x0000008c50c00000] [id=11288]

[error occurred during error reporting (printing all threads), id 0xc0000005, EXCEPTION_ACCESS_VIOLATION (0xc0000005) at pc=0x00007ffa90a08047]

VM state: not at safepoint (not fully initialized)

VM Mutex/Monitor currently owned by a thread:  ([mutex/lock_event])
[0x00000276091bf200] Heap_lock - owner thread: 0x00000276091c4e20

Heap address: 0x0000000700800000, size: 4088 MB, Compressed Oops mode: Zero based, Oop shift amount: 3
CDS archive(s) mapped at: [0x0000000000000000-0x0000000000000000-0x0000000000000000), size 0, SharedBaseAddress: 0x0000000800000000, ArchiveRelocationMode: 0.
Narrow klass base: 0x0000000000000000, Narrow klass shift: 0, Narrow klass range: 0x0

Heap:
 garbage-first heap   total 262144K, used 0K [0x0000000700800000, 0x0000000800000000)
  region size 2048K, 0 young (0K), 0 survivors (0K)
 Metaspace       used 0K, capacity 0K, committed 0K, reserved 0K
  class space    used 0K, capacity 0K, committed 0K, reserved 0K

Heap Regions: E=young(eden), S=young(survivor), O=old, HS=humongous(starts), HC=humongous(continues), CS=collection set, F=free, OA=open archive, CA=closed archive, TAMS=top-at-mark-start (previous, next)

Card table byte_map: [0x0000027620f10000,0x0000027621710000] _byte_map_base: 0x000002761d70c000

Marking Bits (Prev, Next): (CMBitMap*) 0x0000027609211730, (CMBitMap*) 0x0000027609211770
 Prev Bits: [0x0000027621f10000, 0x0000027625ef0000)
 Next Bits: [0x0000027625ef0000, 0x0000027629ed0000)

GC Heap History (0 events):
No events

Deoptimization events (0 events):
No events

Classes unloaded (0 events):
No events

Classes redefined (0 events):
No events

Internal exceptions (0 events):
No events

Events (1 events):
Event: 0.007 Loaded shared library C:\Users\ferjh\.jdks\openjdk-15.0.1\bin\java.dll


Dynamic libraries:
0x00007ff797e80000 - 0x00007ff797e8d000 	C:\Users\ferjh\.jdks\openjdk-15.0.1\bin\java.exe
0x00007ffaf6750000 - 0x00007ffaf6946000 	C:\WINDOWS\SYSTEM32\ntdll.dll
0x00007ffaf5b20000 - 0x00007ffaf5bdd000 	C:\WINDOWS\System32\KERNEL32.DLL
0x00007ffaf4300000 - 0x00007ffaf45c9000 	C:\WINDOWS\System32\KERNELBASE.dll
0x00007ffaf40a0000 - 0x00007ffaf41a0000 	C:\WINDOWS\System32\ucrtbase.dll
0x00007ffaca440000 - 0x00007ffaca458000 	C:\Users\ferjh\.jdks\openjdk-15.0.1\bin\jli.dll
0x00007ffac2920000 - 0x00007ffac2939000 	C:\Users\ferjh\.jdks\openjdk-15.0.1\bin\VCRUNTIME140.dll
0x00007ffaf5be0000 - 0x00007ffaf5d80000 	C:\WINDOWS\System32\USER32.dll
0x00007ffaf3ee0000 - 0x00007ffaf3f02000 	C:\WINDOWS\System32\win32u.dll
0x00007ffaea770000 - 0x00007ffaeaa0b000 	C:\WINDOWS\WinSxS\amd64_microsoft.windows.common-controls_6595b64144ccf1df_6.0.19041.488_none_ca04af081b815d21\COMCTL32.dll
0x00007ffaf5d90000 - 0x00007ffaf5dba000 	C:\WINDOWS\System32\GDI32.dll
0x00007ffaf47b0000 - 0x00007ffaf484e000 	C:\WINDOWS\System32\msvcrt.dll
0x00007ffaf4600000 - 0x00007ffaf4709000 	C:\WINDOWS\System32\gdi32full.dll
0x00007ffaf4710000 - 0x00007ffaf47ad000 	C:\WINDOWS\System32\msvcp_win.dll
0x00007ffaf53a0000 - 0x00007ffaf53d0000 	C:\WINDOWS\System32\IMM32.DLL
0x00007ffad2cf0000 - 0x00007ffad2cfc000 	C:\Users\ferjh\.jdks\openjdk-15.0.1\bin\vcruntime140_1.dll
0x00007ffaaa680000 - 0x00007ffaaa711000 	C:\Users\ferjh\.jdks\openjdk-15.0.1\bin\msvcp140.dll
0x00007ffa90750000 - 0x00007ffa912ae000 	C:\Users\ferjh\.jdks\openjdk-15.0.1\bin\server\jvm.dll
0x00007ffaf5e30000 - 0x00007ffaf5edc000 	C:\WINDOWS\System32\ADVAPI32.dll
0x00007ffaf6260000 - 0x00007ffaf62fc000 	C:\WINDOWS\System32\sechost.dll
0x00007ffaf6300000 - 0x00007ffaf642b000 	C:\WINDOWS\System32\RPCRT4.dll
0x00007ffaf5d80000 - 0x00007ffaf5d88000 	C:\WINDOWS\System32\PSAPI.DLL
0x00007ffadb2c0000 - 0x00007ffadb2c9000 	C:\WINDOWS\SYSTEM32\WSOCK32.dll
0x00007ffaeae90000 - 0x00007ffaeaeb7000 	C:\WINDOWS\SYSTEM32\WINMM.dll
0x00007ffaf5180000 - 0x00007ffaf51eb000 	C:\WINDOWS\System32\WS2_32.dll
0x00007ffaee1c0000 - 0x00007ffaee1ca000 	C:\WINDOWS\SYSTEM32\VERSION.dll
0x00007ffaf1dc0000 - 0x00007ffaf1dd2000 	C:\WINDOWS\SYSTEM32\kernel.appcore.dll
0x00007ffad1eb0000 - 0x00007ffad1eba000 	C:\Users\ferjh\.jdks\openjdk-15.0.1\bin\jimage.dll
0x00007ffadb320000 - 0x00007ffadb504000 	C:\WINDOWS\SYSTEM32\DBGHELP.DLL
0x00007ffadb2d0000 - 0x00007ffadb2fc000 	C:\WINDOWS\SYSTEM32\dbgcore.DLL
0x00007ffaf3f10000 - 0x00007ffaf3f90000 	C:\WINDOWS\System32\bcryptPrimitives.dll
0x00007ffabc670000 - 0x00007ffabc695000 	C:\Users\ferjh\.jdks\openjdk-15.0.1\bin\java.dll

dbghelp: loaded successfully - version: 4.0.5 - missing functions: none
symbol engine: initialized successfully - sym options: 0x614 - pdb path: .;C:\Users\ferjh\.jdks\openjdk-15.0.1\bin;C:\WINDOWS\SYSTEM32;C:\WINDOWS\WinSxS\amd64_microsoft.windows.common-controls_6595b64144ccf1df_6.0.19041.488_none_ca04af081b815d21;C:\Users\ferjh\.jdks\openjdk-15.0.1\bin\server

VM Arguments:
jvm_args: -XX:TieredStopAtLevel=1 -Dfile.encoding=windows-1252 -Duser.country=PE -Duser.language=es -Duser.variant 
java_command: com.bootcamp.proyecto.simulador.SimuladorApplication
java_class_path (initial): D:\CursosBanco\BootCamp\SpringCloud\proyecto\bootcamp.proyecto.simulador\build\classes\java\main;D:\CursosBanco\BootCamp\SpringCloud\proyecto\bootcamp.proyecto.simulador\build\resources\main;C:\Users\ferjh\.gradle\caches\modules-2\files-2.1\org.springframework.boot\spring-boot-devtools\2.4.1\22d4eca38aa8a7304bccc845a3cca42c77d3e9a2\spring-boot-devtools-2.4.1.jar;C:\Users\ferjh\.gradle\caches\modules-2\files-2.1\org.mapstruct\mapstruct\1.4.1.Final\9f87c0a8e5ee39ced552f6a257a425a4798600ca\mapstruct-1.4.1.Final.jar;C:\Users\ferjh\.gradle\caches\modules-2\files-2.1\com.h2database\h2\1.4.200\f7533fe7cb8e99c87a43d325a77b4b678ad9031a\h2-1.4.200.jar;C:\Users\ferjh\.gradle\caches\modules-2\files-2.1\org.springframework.boot\spring-boot-autoconfigure\2.4.1\9af62d8d15ee71efb9baf35dc5263fc953230ab1\spring-boot-autoconfigure-2.4.1.jar;C:\Users\ferjh\.gradle\caches\modules-2\files-2.1\org.springframework.boot\spring-boot\2.4.1\92bf6245c590b56ecb10d8d39ffe04ab0cdfee9\spring-boot-2.4.1.jar;C:\Users\ferjh\.gradle\caches\modules-2\files-2.1\jakarta.transaction\jakarta.transaction-api\1.3.3\c4179d48720a1e87202115fbed6089bdc4195405\jakarta.transaction-api-1.3.3.jar;C:\Users\ferjh\.gradle\caches\modules-2\files-2.1\jakarta.persistence\jakarta.persistence-api\2.2.3\8f6ea5daedc614f07a3654a455660145286f024e\jakarta.persistence-api-2.2.3.jar;C:\Users\ferjh\.gradle\caches\modules-2\files-2.1\org.hibernate\hibernate-core\5.4.25.Final\926c7e94ef1368a181bafa5b1de2fd30ae34c20d\hibernate-core-5.4.25.Final.jar;C:\Users\ferjh\.gradle\caches\modules-2\files-2.1\org.springframework.data\spring-data-jpa\2.4.2\7fc429eb1890c6ba63b6ecb0533a99b6147004e1\spring-data-jpa-2.4.2.jar;C:\Users\ferjh\.gradle\caches\modules-2\files-2.1\org.springframework\spring-aspects\5.3.2\a93e6d94a8492d128af2382fe8333188db70927\spring-aspects-5.3.2.jar;C:\Users\ferjh\.gradle\caches\modules-2\files-2.1\org.springframework\spring-webmvc\5.3.2\6c1106b59db4c91682b740d2deaa3f02400ea8c8\spring-webmvc-5.
Launcher Type: SUN_STANDARD

[Global flags]
     intx CICompilerCount                          = 4                                         {product} {ergonomic}
     uint ConcGCThreads                            = 2                                         {product} {ergonomic}
     uint G1ConcRefinementThreads                  = 8                                         {product} {ergonomic}
   size_t G1HeapRegionSize                         = 2097152                                   {product} {ergonomic}
    uintx GCDrainStackTargetSize                   = 64                                        {product} {ergonomic}
   size_t InitialHeapSize                          = 268435456                                 {product} {ergonomic}
   size_t MarkStackSize                            = 4194304                                   {product} {ergonomic}
   size_t MaxHeapSize                              = 4286578688                                {product} {ergonomic}
   size_t MinHeapDeltaBytes                        = 2097152                                   {product} {ergonomic}
   size_t MinHeapSize                              = 8388608                                   {product} {ergonomic}
    uintx NonNMethodCodeHeapSize                   = 7549744                                {pd product} {ergonomic}
    uintx NonProfiledCodeHeapSize                  = 244108496                              {pd product} {ergonomic}
    uintx ProfiledCodeHeapSize                     = 0                                      {pd product} {ergonomic}
    uintx ReservedCodeCacheSize                    = 251658240                              {pd product} {ergonomic}
     bool SegmentedCodeCache                       = true                                      {product} {ergonomic}
   size_t SoftMaxHeapSize                          = 4286578688                             {manageable} {ergonomic}
     intx TieredStopAtLevel                        = 1                                         {product} {command line}
     bool UseCompressedClassPointers               = true                                 {lp64_product} {ergonomic}
     bool UseCompressedOops                        = true                                 {lp64_product} {ergonomic}
     bool UseG1GC                                  = true                                      {product} {ergonomic}
     bool UseLargePagesIndividualAllocation        = false                                  {pd product} {ergonomic}

Logging:
Log output configuration:
 #0: stdout all=warning uptime,level,tags
 #1: stderr all=off uptime,level,tags

Environment Variables:
JAVA_HOME=C:\Users\ferjh\.jdks\openjdk-15.0.1
PATH=C:\Windows\system32;C:\Windows;C:\Windows\System32\Wbem;C:\Windows\System32\WindowsPowerShell\v1.0\;C:\Program Files (x86)\NVIDIA Corporation\PhysX\Common;C:\Program Files (x86)\Skype\Phone\;C:\WINDOWS\system32;C:\WINDOWS;C:\WINDOWS\System32\Wbem;C:\WINDOWS\System32\WindowsPowerShell\v1.0\;C:\Users\ferjh\AppData\Local\Microsoft\WindowsApps;C:\adb;C:\WINDOWS\system32;C:\WINDOWS;C:\WINDOWS\System32\Wbem;C:\WINDOWS\System32\WindowsPowerShell\v1.0\;C:\WINDOWS\System32\OpenSSH\;C:\Program Files\NVIDIA Corporation\NVIDIA NvDLISR;D:\CursosBanco\BootCamp\apache-maven-3.6.3\bin;C:\Users\ferjh\.jdks\openjdk-15.0.1\bin;C:\Program Files\Git\cmd;C:\Program Files (x86)\Microsoft SQL Server\150\DTS\Binn\;C:\Program Files\Azure Data Studio\bin;C:\Program Files\Docker\Docker\resources\bin;C:\ProgramData\DockerDesktop\version-bin;C:\Users\ferjh\AppData\Local\Microsoft\WindowsApps;;C:\Program Files\Azure Data Studio\bin
USERNAME=ferjhm
OS=Windows_NT
PROCESSOR_IDENTIFIER=AMD64 Family 21 Model 2 Stepping 0, AuthenticAMD



---------------  S Y S T E M  ---------------

OS:
 Windows 10 , 64 bit Build 19041 (10.0.19041.662)
OS uptime: 0 days 9:54 hours
HyperV virtualization detected

CPU: total 8 (initial active 8) (8 cores per cpu, 1 threads per core) family 21 model 2 stepping 0 microcode 0x0, cmov, cx8, fxsr, mmx, sse, sse2, sse3, ssse3, sse4.1, sse4.2, popcnt, vzeroupper, avx, aes, clmul, 3dnowpref, lzcnt, sse4a, tsc, tscinvbit, tscinv, bmi1, fma, clflush

Memory: 4k page, system-wide physical 16348M (5038M free)
TotalPageFile size 17302M (AvailPageFile size 139M)
current process WorkingSet (physical memory assigned to process): 10M, peak: 10M
current process commit charge ("private bytes"): 58M, peak: 313M

vm_info: OpenJDK 64-Bit Server VM (15.0.1+9-18) for windows-amd64 JRE (15.0.1+9-18), built on Sep 15 2020 14:39:31 by "mach5one" with unknown MS VC++:1925

END.
